<?xml version="1.0" encoding="UTF-8"?>
<!-- Generated by org.testng.reporters.JUnitReportReporter -->
<testsuite skipped="0" hostname="NIRGOPAL-LAP" name="UITests.UploadOrchestrations" tests="1" failures="0" timestamp="07 Jun 2018 18:07:51 GMT" time="33.396" errors="0">
  <testcase name="uploadBlankOrchesration" time="33.396" classname="UITests.UploadOrchestrations"/>
</testsuite> <!-- UITests.UploadOrchestrations -->
